<?xml version="1.0" encoding="UTF-8"?>
<!-- Generated by org.testng.reporters.JUnitReportReporter -->
<testsuite hostname="LAPTOP-VJFQE3FM" failures="0" tests="2" name="RahulShetty.Mavenjava.AppiumTest" time="0.068" errors="0" timestamp="2023-07-14T23:06:58 IST" skipped="0">
  <testcase classname="RahulShetty.Mavenjava.AppiumTest" name="Androd" time="0.061"/>
  <testcase classname="RahulShetty.Mavenjava.AppiumTest" name="IOS" time="0.007"/>
</testsuite> <!-- RahulShetty.Mavenjava.AppiumTest -->
