<?xml version="1.0" encoding="UTF-8"?>
<!-- Generated by org.testng.reporters.JUnitReportReporter -->
<testsuite hostname="LAPTOP-VJFQE3FM" failures="0" tests="1" name="extentreportsdemo.Extentreports" time="7.404" errors="0" timestamp="2023-07-17T23:23:57 IST" skipped="0">
  <testcase classname="extentreportsdemo.Extentreports" name="extentdemo" time="7.404"/>
</testsuite> <!-- extentreportsdemo.Extentreports -->
