<?xml version="1.0" encoding="UTF-8"?>
<!-- Generated by org.testng.reporters.JUnitReportReporter -->
<testsuite hostname="LAPTOP-VJFQE3FM" failures="0" tests="2" name="RahulShetty.Mavenjava.Rest" time="0.024" errors="0" timestamp="2023-07-14T23:21:06 IST" skipped="0">
  <testcase classname="RahulShetty.Mavenjava.Rest" name="deleteTwtter" time="0.021"/>
  <testcase classname="RahulShetty.Mavenjava.Rest" name="postJira" time="0.003"/>
</testsuite> <!-- RahulShetty.Mavenjava.Rest -->
