<?xml version="1.0" encoding="UTF-8"?>
<!-- Generated by org.testng.reporters.JUnitReportReporter -->
<testsuite hostname="LAPTOP-VJFQE3FM" failures="0" tests="2" name="RahulShetty.Mavenjava.SelenumTest" time="0.010" errors="0" timestamp="2023-07-15T14:59:14 IST" skipped="0">
  <testcase classname="RahulShetty.Mavenjava.SelenumTest" name="elementsU" time="0.001"/>
  <system-out/>
  <testcase classname="RahulShetty.Mavenjava.SelenumTest" name="BrowserAutomaton" time="0.009"/>
  <system-out/>
</testsuite> <!-- RahulShetty.Mavenjava.SelenumTest -->
