<?xml version="1.0" encoding="UTF-8"?>
<!-- Generated by org.testng.reporters.JUnitReportReporter -->
<testsuite hostname="LAPTOP-VJFQE3FM" failures="0" tests="2" name="RahulShetty.Mavenjava.AppumTest" time="0.003" errors="0" timestamp="2023-07-15T14:58:28 IST" skipped="0">
  <testcase classname="RahulShetty.Mavenjava.AppumTest" name="Androd" time="0.001"/>
  <system-out/>
  <testcase classname="RahulShetty.Mavenjava.AppumTest" name="IOS" time="0.002"/>
  <system-out/>
</testsuite> <!-- RahulShetty.Mavenjava.AppumTest -->
