<?xml version="1.0" encoding="UTF-8"?>
<!-- Generated by org.testng.reporters.JUnitReportReporter -->
<testsuite hostname="LAPTOP-VJFQE3FM" failures="0" tests="1" name="RahulShetty.Mavenjava.AppTest" time="0.126" errors="0" timestamp="2023-07-15T14:13:09 IST" skipped="0">
  <testcase classname="RahulShetty.Mavenjava.AppTest" name="shouldAnswerWithTrue" time="0.126"/>
  <system-out/>
</testsuite> <!-- RahulShetty.Mavenjava.AppTest -->
