<?xml version="1.0" encoding="UTF-8"?>
<!-- Generated by org.testng.reporters.JUnitReportReporter -->
<testsuite hostname="LAPTOP-VJFQE3FM" failures="0" tests="2" name="RahulShetty.Mavenjava.Rest" time="0.005" errors="0" timestamp="2023-07-15T14:58:28 IST" skipped="0">
  <testcase classname="RahulShetty.Mavenjava.Rest" name="deleteTwtter" time="0.004"/>
  <system-out/>
  <testcase classname="RahulShetty.Mavenjava.Rest" name="postJira" time="0.001"/>
  <system-out/>
</testsuite> <!-- RahulShetty.Mavenjava.Rest -->
